\BOOKMARK [0][-]{chapter.1}{Introduction}{}% 1
\BOOKMARK [1][-]{section.1.1}{Android version}{chapter.1}% 2
\BOOKMARK [0][-]{chapter.2}{Uninstallation and updates}{}% 3
\BOOKMARK [0][-]{chapter.3}{Survey template}{}% 4
\BOOKMARK [1][-]{section.3.1}{Terminology}{chapter.3}% 5
\BOOKMARK [1][-]{section.3.2}{Category types}{chapter.3}% 6
\BOOKMARK [1][-]{section.3.3}{Data type requirements}{chapter.3}% 7
\BOOKMARK [2][-]{subsection.3.3.1}{Descriptor requirements}{section.3.3}% 8
\BOOKMARK [1][-]{section.3.4}{JSON file structure}{chapter.3}% 9
\BOOKMARK [1][-]{section.3.5}{Data type category syntax}{chapter.3}% 10
\BOOKMARK [2][-]{subsection.3.5.1}{Set}{section.3.5}% 11
\BOOKMARK [2][-]{subsection.3.5.2}{Set thumbnail}{section.3.5}% 12
\BOOKMARK [2][-]{subsection.3.5.3}{Radio}{section.3.5}% 13
\BOOKMARK [2][-]{subsection.3.5.4}{Radio thumbnail}{section.3.5}% 14
\BOOKMARK [2][-]{subsection.3.5.5}{Binary}{section.3.5}% 15
\BOOKMARK [2][-]{subsection.3.5.6}{Measurement}{section.3.5}% 16
\BOOKMARK [2][-]{subsection.3.5.7}{Text}{section.3.5}% 17
\BOOKMARK [1][-]{section.3.6}{Uploading the template}{chapter.3}% 18
\BOOKMARK [1][-]{section.3.7}{Uploading thumbnails}{chapter.3}% 19
\BOOKMARK [0][-]{chapter.4}{Application usage}{}% 20
\BOOKMARK [1][-]{section.4.1}{Main}{chapter.4}% 21
\BOOKMARK [2][-]{subsection.4.1.1}{Edit cemetery name}{section.4.1}% 22
\BOOKMARK [2][-]{subsection.4.1.2}{Create a new cemetery}{section.4.1}% 23
\BOOKMARK [2][-]{subsection.4.1.3}{Reload JSON template}{section.4.1}% 24
\BOOKMARK [2][-]{subsection.4.1.4}{Add attribute}{section.4.1}% 25
\BOOKMARK [2][-]{subsection.4.1.5}{Data export}{section.4.1}% 26
\BOOKMARK [1][-]{section.4.2}{Cemetery}{chapter.4}% 27
\BOOKMARK [2][-]{subsection.4.2.1}{Edit section name}{section.4.2}% 28
\BOOKMARK [2][-]{subsection.4.2.2}{Create a new section}{section.4.2}% 29
\BOOKMARK [2][-]{subsection.4.2.3}{Delete cemetery}{section.4.2}% 30
\BOOKMARK [1][-]{section.4.3}{Section}{chapter.4}% 31
\BOOKMARK [2][-]{subsection.4.3.1}{Edit section name}{section.4.3}% 32
\BOOKMARK [2][-]{subsection.4.3.2}{Create a new grave}{section.4.3}% 33
\BOOKMARK [2][-]{subsection.4.3.3}{Delete section}{section.4.3}% 34
\BOOKMARK [1][-]{section.4.4}{Grave}{chapter.4}% 35
\BOOKMARK [2][-]{subsection.4.4.1}{Clear grave}{section.4.4}% 36
\BOOKMARK [2][-]{subsection.4.4.2}{Delete grave}{section.4.4}% 37
\BOOKMARK [2][-]{subsection.4.4.3}{Complete the survey}{section.4.4}% 38
\BOOKMARK [1][-]{section.4.5}{Surveys}{chapter.4}% 39
\BOOKMARK [2][-]{subsection.4.5.1}{Radio buttons}{section.4.5}% 40
\BOOKMARK [2][-]{subsection.4.5.2}{Binary buttons}{section.4.5}% 41
\BOOKMARK [2][-]{subsection.4.5.3}{Thumbnails}{section.4.5}% 42
\BOOKMARK [0][-]{chapter.5}{File structure}{}% 43
\BOOKMARK [0][-]{chapter.6}{Problems}{}% 44
\BOOKMARK [1][-]{section.6.1}{Android File Transfer}{chapter.6}% 45
